<?xml version="1.0" encoding="UTF-8"?>
<!-- Generated by org.testng.reporters.JUnitReportReporter -->
<testsuite hostname="Uncodemy" failures="0" tests="1" name="StarTeleLogic.telemo.PositiveSecurityCheck" time="13.887" errors="0" timestamp="2023-10-14T15:49:10 IST" skipped="0">
  <testcase classname="StarTeleLogic.telemo.PositiveSecurityCheck" name="LoginwithincorrectDetails" time="13.887"/>
</testsuite> <!-- StarTeleLogic.telemo.PositiveSecurityCheck -->
