<?xml version="1.0" encoding="UTF-8"?>
<!-- Generated by org.testng.reporters.JUnitReportReporter -->
<testsuite hostname="Uncodemy" failures="0" tests="1" name="StarTeleLogic.telemo.NegativeSecurityCheck" time="22.316" errors="0" timestamp="2023-10-14T15:49:46 IST" skipped="0">
  <testcase classname="StarTeleLogic.telemo.NegativeSecurityCheck" name="LoginwithincorrectDetails" time="22.316"/>
</testsuite> <!-- StarTeleLogic.telemo.NegativeSecurityCheck -->
