<?xml version="1.0" encoding="UTF-8"?>
<!-- Generated by org.testng.reporters.JUnitReportReporter -->
<testsuite hostname="Uncodemy" failures="0" tests="2" name="StarTeleLogic.telemo.LoadingPage2" time="24.241" errors="0" timestamp="2023-10-14T16:04:18 IST" skipped="0">
  <testcase classname="StarTeleLogic.telemo.LoadingPage2" name="LoadTest" time="12.672"/>
  <testcase classname="StarTeleLogic.telemo.LoadingPage2" name="LoadTest" time="11.569"/>
</testsuite> <!-- StarTeleLogic.telemo.LoadingPage2 -->
