<?xml version="1.0" encoding="UTF-8"?>
<!-- Generated by org.testng.reporters.JUnitReportReporter -->
<testsuite hostname="Uncodemy" failures="0" tests="2" name="StarTeleLogic.telemo.LoadingPage" time="18.539" errors="0" timestamp="2023-10-14T12:38:50 IST" skipped="0">
  <testcase classname="StarTeleLogic.telemo.LoadingPage" name="LoginwithcorrectDetails" time="0.593"/>
  <testcase classname="StarTeleLogic.telemo.LoadingPage" name="LoadTest" time="17.946"/>
</testsuite> <!-- StarTeleLogic.telemo.LoadingPage -->
