<?xml version="1.0" encoding="UTF-8"?>
<!-- Generated by org.testng.reporters.JUnitReportReporter -->
<testsuite hostname="Uncodemy" failures="0" tests="1" name="StarTeleLogic.telemo.SecurityCheck" time="16.444" errors="0" timestamp="2023-10-14T01:16:23 IST" skipped="0">
  <testcase classname="StarTeleLogic.telemo.SecurityCheck" name="LoginwithincorrectDetails" time="16.444"/>
</testsuite> <!-- StarTeleLogic.telemo.SecurityCheck -->
