<?xml version="1.0" encoding="UTF-8"?>
<!-- Generated by org.testng.reporters.JUnitReportReporter -->
<testsuite hostname="Uncodemy" failures="0" tests="3" name="StarTeleLogic.telemo.LoadingPage1" time="45.532" errors="0" timestamp="2023-10-14T15:50:41 IST" skipped="0">
  <testcase classname="StarTeleLogic.telemo.LoadingPage1" name="LoadTest" time="14.833"/>
  <testcase classname="StarTeleLogic.telemo.LoadingPage1" name="LoadTest" time="14.227"/>
  <testcase classname="StarTeleLogic.telemo.LoadingPage1" name="LoadTest" time="16.472"/>
</testsuite> <!-- StarTeleLogic.telemo.LoadingPage1 -->
