<?xml version="1.0" encoding="UTF-8"?>
<!-- Generated by org.testng.reporters.JUnitReportReporter -->
<testsuite hostname="Uncodemy" failures="0" tests="2" name="StarTeleLogic.telemo.PaginationTest" time="7.984" errors="0" timestamp="2023-10-14T20:49:13 IST" skipped="0">
  <testcase classname="StarTeleLogic.telemo.PaginationTest" name="login" time="3.551"/>
  <testcase classname="StarTeleLogic.telemo.PaginationTest" name="automatePagination" time="4.433"/>
</testsuite> <!-- StarTeleLogic.telemo.PaginationTest -->
