<?xml version="1.0" encoding="UTF-8"?>
<!-- Generated by org.testng.reporters.JUnitReportReporter -->
<testsuite hostname="Uncodemy" failures="0" tests="1" name="StarTeleLogic.telemo.NavigationofPages" time="25.630" errors="0" timestamp="2023-10-14T17:46:28 IST" skipped="0">
  <testcase classname="StarTeleLogic.telemo.NavigationofPages" name="navigation" time="25.630"/>
</testsuite> <!-- StarTeleLogic.telemo.NavigationofPages -->
